<?xml version="1.0" encoding="UTF-8"?>
<!-- Generated by org.testng.reporters.JUnitReportReporter -->
<testsuite hostname="LAPTOP-FDUTCRQG" failures="0" tests="1" name="com.demowebshop.com.LoginpageTest" time="3.621" errors="0" timestamp="2023-12-08T13:12:49 IST" skipped="0">
  <testcase classname="com.demowebshop.com.LoginpageTest" name="test_login" time="3.621"/>
  <system-out/>
</testsuite> <!-- com.demowebshop.com.LoginpageTest -->
