<?xml version="1.0" encoding="UTF-8"?>
<!-- Generated by org.testng.reporters.JUnitReportReporter -->
<testsuite hostname="LAPTOP-FDUTCRQG" failures="0" tests="1" name="com.demo.loginmrs.com.LoginpageTest" time="3.901" errors="0" timestamp="2023-12-12T18:25:11 IST" skipped="0">
  <testcase classname="com.demo.loginmrs.com.LoginpageTest" name="test_login" time="3.901"/>
  <system-out/>
</testsuite> <!-- com.demo.loginmrs.com.LoginpageTest -->
